cl : command line  warning D9035: option 'Gm' has been deprecated and will be removed in a future release
  ApplicationManager.cpp
C:\Users\marwan\Desktop\PaintProject2\Phase2 - Code F22\ApplicationManager.cpp(61,12): warning C4244: 'argument': conversion from 'time_t' to 'unsigned int', possible loss of data
  UndoAction.cpp
  SwitchToPlayAction.cpp
  SwitchToDrawAction.cpp
  StopRecAction.cpp
  StartRecAction.cpp
  SelectAction.cpp
  SaveAction.cpp
  ReturnAction.cpp
  ResizeAction.cpp
  RedoAction.cpp
  PlayRecAction.cpp
  PickTypeandColor.cpp
  PickFigures.cpp
  PickColors.cpp
  MoveByDragAction.cpp
  MoveAction.cpp
  LoadAction.cpp
  FigureMenuAction.cpp
  ExitAction.cpp
  Generating Code...
C:\Users\marwan\Desktop\PaintProject2\Phase2 - Code F22\Actions\LoadAction.cpp(131): warning C4715: 'LoadAction::getColorr': not all control paths return a value
C:\Users\marwan\Desktop\PaintProject2\Phase2 - Code F22\Actions\PickFigures.cpp(99): warning C4715: 'PickFigures::TypetoString': not all control paths return a value
C:\Users\marwan\Desktop\PaintProject2\Phase2 - Code F22\Actions\PickTypeandColor.cpp(103): warning C4715: 'PickTypeandColor::TypetoString': not all control paths return a value
C:\Users\marwan\Desktop\PaintProject2\Phase2 - Code F22\Actions\SaveAction.cpp(79): warning C4715: 'SaveAction::getColor': not all control paths return a value
  Compiling...
  DeleteAction.cpp
  ColorMenuAction.cpp
  ClearAllAction.cpp
  ChangeSoundState.cpp
  ChangeColorAction.cpp
  AddTriangleAction.cpp
  AddSquareAction.cpp
  AddRectAction.cpp
  AddHexAction.cpp
  AddCircAction.cpp
  Generating Code...
  Skipping... (no relevant changes detected)
  main.cpp
  PT-Project.vcxproj -> C:\Users\marwan\Desktop\PaintProject2\Phase2 - Code F22\Debug\PT Project.exe
